<?xml version="1.0" encoding="UTF-8"?>
<!-- Generated by org.testng.reporters.JUnitReportReporter -->
<testsuite hostname="DESKTOP-7JLL802" failures="0" tests="1" name="testcases.booking_tabs" time="7.715" errors="0" timestamp="2024-10-20T19:46:50 IST" skipped="0">
  <testcase classname="testcases.booking_tabs" name="Booking_tabs" time="7.715"/>
</testsuite> <!-- testcases.booking_tabs -->
