<?xml version="1.0" encoding="UTF-8"?>
<!-- Generated by org.testng.reporters.JUnitReportReporter -->
<testsuite hostname="DESKTOP-7JLL802" failures="0" tests="1" name="testcases.empty_value_login_submit" time="8.920" errors="0" timestamp="2024-10-20T19:46:50 IST" skipped="0">
  <testcase classname="testcases.empty_value_login_submit" name="direct_submit" time="8.920"/>
</testsuite> <!-- testcases.empty_value_login_submit -->
