<?xml version="1.0" encoding="UTF-8"?>
<!-- Generated by org.testng.reporters.JUnitReportReporter -->
<testsuite hostname="DESKTOP-7JLL802" failures="0" tests="1" name="testcases.invalid_booking" time="22.864" errors="0" timestamp="2024-10-20T23:22:31 IST" skipped="0">
  <testcase classname="testcases.invalid_booking" name="Invalid_booking" time="22.864"/>
</testsuite> <!-- testcases.invalid_booking -->
