<?xml version="1.0" encoding="UTF-8"?>
<!-- Generated by org.testng.reporters.JUnitReportReporter -->
<testsuite hostname="DESKTOP-7JLL802" failures="0" tests="1" name="testcases.invalid_login" time="8.699" errors="0" timestamp="2024-10-20T19:46:50 IST" skipped="0">
  <testcase classname="testcases.invalid_login" name="Invalid_login" time="8.699"/>
</testsuite> <!-- testcases.invalid_login -->
